Flow report for multicycle
Wed Mar 29 16:09:25 2017
Quartus Prime Version 16.0.0 Build 211 04/27/2016 SJ Standard Edition


---------------------
; Table of Contents ;
---------------------
  1. Legal Notice
  2. Flow Summary
  3. Flow Settings
  4. Flow Non-Default Global Settings
  5. Flow Elapsed Time
  6. Flow OS Summary
  7. Flow Log
  8. Flow Messages
  9. Flow Suppressed Messages



----------------
; Legal Notice ;
----------------
Copyright (C) 1991-2016 Altera Corporation. All rights reserved.
Your use of Altera Corporation's design tools, logic functions 
and other software and tools, and its AMPP partner logic 
functions, and any output files from any of the foregoing 
(including device programming or simulation files), and any 
associated documentation or information are expressly subject 
to the terms and conditions of the Altera Program License 
Subscription Agreement, the Altera Quartus Prime License Agreement,
the Altera MegaCore Function License Agreement, or other 
applicable license agreement, including, without limitation, 
that your use is for the sole purpose of programming logic 
devices manufactured by Altera and sold by Altera or its 
authorized distributors.  Please refer to the applicable 
agreement for further details.



+-----------------------------------------------------------------------------------+
; Flow Summary                                                                      ;
+---------------------------------+-------------------------------------------------+
; Flow Status                     ; Successful - Wed Mar 29 16:09:24 2017           ;
; Quartus Prime Version           ; 16.0.0 Build 211 04/27/2016 SJ Standard Edition ;
; Revision Name                   ; multicycle                                      ;
; Top-level Entity Name           ; multicycle                                      ;
; Family                          ; Cyclone V                                       ;
; Device                          ; 5CSEMA5F31C6                                    ;
; Timing Models                   ; Final                                           ;
; Logic utilization (in ALMs)     ; 188 / 32,070 ( < 1 % )                          ;
; Total registers                 ; 94                                              ;
; Total pins                      ; 58 / 457 ( 13 % )                               ;
; Total virtual pins              ; 0                                               ;
; Total block memory bits         ; 2,048 / 4,065,280 ( < 1 % )                     ;
; Total DSP Blocks                ; 0 / 87 ( 0 % )                                  ;
; Total HSSI RX PCSs              ; 0                                               ;
; Total HSSI PMA RX Deserializers ; 0                                               ;
; Total HSSI TX PCSs              ; 0                                               ;
; Total HSSI PMA TX Serializers   ; 0                                               ;
; Total PLLs                      ; 0 / 6 ( 0 % )                                   ;
; Total DLLs                      ; 0 / 4 ( 0 % )                                   ;
+---------------------------------+-------------------------------------------------+


+-----------------------------------------+
; Flow Settings                           ;
+-------------------+---------------------+
; Option            ; Setting             ;
+-------------------+---------------------+
; Start date & time ; 03/29/2017 15:15:33 ;
; Main task         ; Compilation         ;
; Revision Name     ; multicycle          ;
+-------------------+---------------------+


+------------------------------------------------------------------------------------------------------------------+
; Flow Non-Default Global Settings                                                                                 ;
+-------------------------------------+---------------------------------+---------------+-------------+------------+
; Assignment Name                     ; Value                           ; Default Value ; Entity Name ; Section Id ;
+-------------------------------------+---------------------------------+---------------+-------------+------------+
; COMPILER_SIGNATURE_ID               ; 167746773791597.149081493301916 ; --            ; --          ; --         ;
; PARTITION_COLOR                     ; 16764057                        ; --            ; --          ; Top        ;
; PARTITION_FITTER_PRESERVATION_LEVEL ; PLACEMENT_AND_ROUTING           ; --            ; --          ; Top        ;
; PARTITION_NETLIST_TYPE              ; SOURCE                          ; --            ; --          ; Top        ;
; SMART_RECOMPILE                     ; On                              ; Off           ; --          ; --         ;
+-------------------------------------+---------------------------------+---------------+-------------+------------+


+-------------------------------------------------------------------------------------------------------------------------------+
; Flow Elapsed Time                                                                                                             ;
+---------------------------+--------------+-------------------------+---------------------+------------------------------------+
; Module Name               ; Elapsed Time ; Average Processors Used ; Peak Virtual Memory ; Total CPU Time (on all processors) ;
+---------------------------+--------------+-------------------------+---------------------+------------------------------------+
; Analysis & Synthesis      ; 00:00:13     ; 1.0                     ; 906 MB              ; 00:00:21                           ;
; Fitter                    ; 00:00:41     ; 1.0                     ; 2728 MB             ; 00:01:00                           ;
; Assembler                 ; 00:00:09     ; 1.0                     ; 890 MB              ; 00:00:06                           ;
; TimeQuest Timing Analyzer ; 00:00:08     ; 1.1                     ; 1240 MB             ; 00:00:06                           ;
; MIF/HEX Update            ; 00:00:02     ; 1.0                     ; 926 MB              ; 00:00:02                           ;
; Assembler                 ; 00:00:06     ; 1.0                     ; 892 MB              ; 00:00:05                           ;
; MIF/HEX Update            ; 00:00:03     ; 1.0                     ; 928 MB              ; 00:00:02                           ;
; Assembler                 ; 00:00:07     ; 1.0                     ; 895 MB              ; 00:00:06                           ;
; MIF/HEX Update            ; 00:00:02     ; 1.0                     ; 932 MB              ; 00:00:02                           ;
; Assembler                 ; 00:00:07     ; 1.0                     ; 898 MB              ; 00:00:06                           ;
; MIF/HEX Update            ; 00:00:03     ; 1.0                     ; 937 MB              ; 00:00:02                           ;
; Assembler                 ; 00:00:06     ; 1.0                     ; 902 MB              ; 00:00:06                           ;
; MIF/HEX Update            ; 00:00:03     ; 1.0                     ; 937 MB              ; 00:00:02                           ;
; Assembler                 ; 00:00:06     ; 1.0                     ; 900 MB              ; 00:00:06                           ;
; MIF/HEX Update            ; 00:00:02     ; 1.0                     ; 941 MB              ; 00:00:02                           ;
; Assembler                 ; 00:00:07     ; 1.0                     ; 903 MB              ; 00:00:06                           ;
; MIF/HEX Update            ; 00:00:03     ; 1.0                     ; 944 MB              ; 00:00:02                           ;
; Assembler                 ; 00:00:06     ; 1.0                     ; 906 MB              ; 00:00:06                           ;
; Total                     ; 00:02:14     ; --                      ; --                  ; 00:02:28                           ;
+---------------------------+--------------+-------------------------+---------------------+------------------------------------+


+----------------------------------------------------------------------------------------+
; Flow OS Summary                                                                        ;
+---------------------------+------------------+-----------+------------+----------------+
; Module Name               ; Machine Hostname ; OS Name   ; OS Version ; Processor type ;
+---------------------------+------------------+-----------+------------+----------------+
; Analysis & Synthesis      ; BA3145WS11       ; Windows 7 ; 6.1        ; x86_64         ;
; Fitter                    ; BA3145WS11       ; Windows 7 ; 6.1        ; x86_64         ;
; Assembler                 ; BA3145WS11       ; Windows 7 ; 6.1        ; x86_64         ;
; TimeQuest Timing Analyzer ; BA3145WS11       ; Windows 7 ; 6.1        ; x86_64         ;
; MIF/HEX Update            ; BA3145WS11       ; Windows 7 ; 6.1        ; x86_64         ;
; Assembler                 ; BA3145WS11       ; Windows 7 ; 6.1        ; x86_64         ;
; MIF/HEX Update            ; BA3145WS11       ; Windows 7 ; 6.1        ; x86_64         ;
; Assembler                 ; BA3145WS11       ; Windows 7 ; 6.1        ; x86_64         ;
; MIF/HEX Update            ; BA3145WS11       ; Windows 7 ; 6.1        ; x86_64         ;
; Assembler                 ; BA3145WS11       ; Windows 7 ; 6.1        ; x86_64         ;
; MIF/HEX Update            ; BA3145WS11       ; Windows 7 ; 6.1        ; x86_64         ;
; Assembler                 ; BA3145WS11       ; Windows 7 ; 6.1        ; x86_64         ;
; MIF/HEX Update            ; BA3145WS11       ; Windows 7 ; 6.1        ; x86_64         ;
; Assembler                 ; BA3145WS11       ; Windows 7 ; 6.1        ; x86_64         ;
; MIF/HEX Update            ; BA3145WS11       ; Windows 7 ; 6.1        ; x86_64         ;
; Assembler                 ; BA3145WS11       ; Windows 7 ; 6.1        ; x86_64         ;
; MIF/HEX Update            ; BA3145WS11       ; Windows 7 ; 6.1        ; x86_64         ;
; Assembler                 ; BA3145WS11       ; Windows 7 ; 6.1        ; x86_64         ;
+---------------------------+------------------+-----------+------------+----------------+


------------
; Flow Log ;
------------
quartus_map --read_settings_files=on --write_settings_files=off multicycle -c multicycle
quartus_fit --read_settings_files=off --write_settings_files=off multicycle -c multicycle
quartus_asm --read_settings_files=off --write_settings_files=off multicycle -c multicycle
quartus_sta multicycle -c multicycle
quartus_cdb multicycle -c multicycle --update_mif
quartus_asm --read_settings_files=on --write_settings_files=off multicycle -c multicycle
quartus_cdb multicycle -c multicycle --update_mif
quartus_asm --read_settings_files=on --write_settings_files=off multicycle -c multicycle
quartus_cdb multicycle -c multicycle --update_mif
quartus_asm --read_settings_files=on --write_settings_files=off multicycle -c multicycle
quartus_cdb multicycle -c multicycle --update_mif
quartus_asm --read_settings_files=on --write_settings_files=off multicycle -c multicycle
quartus_cdb multicycle -c multicycle --update_mif
quartus_asm --read_settings_files=on --write_settings_files=off multicycle -c multicycle
quartus_cdb multicycle -c multicycle --update_mif
quartus_asm --read_settings_files=on --write_settings_files=off multicycle -c multicycle
quartus_cdb multicycle -c multicycle --update_mif
quartus_asm --read_settings_files=on --write_settings_files=off multicycle -c multicycle



